11:13:39.270 [main] INFO  api.test.TestUser - **********Post testcase started*******************
11:13:51.355 [main] INFO  api.test.TestUser - **********Post testcase ended*******************
11:13:51.442 [main] INFO  api.test.TestUser - **********Get testcase started*******************
11:13:53.275 [main] INFO  api.test.TestUser - **********Get testcase ended*******************
11:13:53.338 [main] INFO  api.test.TestUser - **********Put testcase started*******************
11:13:56.452 [main] INFO  api.test.TestUser - **********Put testcase ended*******************
11:13:56.478 [main] INFO  api.test.TestUser - **********Delete testcase started*******************
11:13:59.163 [main] INFO  api.test.TestUser - **********Delete testcase ended*******************

20:30:54.350 [main] INFO  api.test.TestUser - **********Post testcase started*******************
20:31:06.892 [main] INFO  api.test.TestUser - **********Post testcase ended*******************
20:31:06.934 [main] INFO  api.test.TestUser - **********Get testcase started*******************
20:31:09.072 [main] INFO  api.test.TestUser - **********Get testcase ended*******************
20:31:09.077 [main] INFO  api.test.TestUser - **********Put testcase started*******************
20:31:12.590 [main] INFO  api.test.TestUser - **********Put testcase ended*******************
20:31:12.601 [main] INFO  api.test.TestUser - **********Delete testcase started*******************
20:31:14.192 [main] INFO  api.test.TestUser - **********Delete testcase ended*******************
16:27:23.251 [main] INFO  api.test.TestUser - **********Post testcase started*******************
16:27:32.418 [main] INFO  api.test.TestUser - **********Post testcase ended*******************
16:27:32.485 [main] INFO  api.test.TestUser - **********Get testcase started*******************
16:27:34.712 [main] INFO  api.test.TestUser - **********Get testcase ended*******************
16:27:34.752 [main] INFO  api.test.TestUser - **********Put testcase started*******************
16:27:38.297 [main] INFO  api.test.TestUser - **********Put testcase ended*******************
16:27:38.316 [main] INFO  api.test.TestUser - **********Delete testcase started*******************
16:27:40.434 [main] INFO  api.test.TestUser - **********Delete testcase ended*******************
17:08:41.853 [main] INFO  api.test.TestUser - **********Post testcase started*******************
17:08:53.301 [main] INFO  api.test.TestUser - **********Post testcase ended*******************
17:08:53.438 [main] INFO  api.test.TestUser - **********Get testcase started*******************
17:08:55.914 [main] INFO  api.test.TestUser - **********Get testcase ended*******************
17:08:55.962 [main] INFO  api.test.TestUser - **********Put testcase started*******************
17:08:59.015 [main] INFO  api.test.TestUser - **********Put testcase ended*******************
17:08:59.067 [main] INFO  api.test.TestUser - **********Delete testcase started*******************
17:09:00.652 [main] INFO  api.test.TestUser - **********Delete testcase ended*******************
22:14:23.140 [main] INFO  api.test.TestUser - **********Post testcase started*******************
22:14:32.668 [main] INFO  api.test.TestUser - **********Post testcase ended*******************
22:14:32.715 [main] INFO  api.test.TestUser - **********Get testcase started*******************
22:14:35.033 [main] INFO  api.test.TestUser - **********Get testcase ended*******************
22:14:35.041 [main] INFO  api.test.TestUser - **********Put testcase started*******************
22:14:39.166 [main] INFO  api.test.TestUser - **********Put testcase ended*******************
22:14:39.175 [main] INFO  api.test.TestUser - **********Delete testcase started*******************
22:14:41.560 [main] INFO  api.test.TestUser - **********Delete testcase ended*******************
